11:03:34.002 [http-nio-7007-exec-1] ERROR c.s.z.base.exception.HandleException - 接口/user/register调用异常-->com.southintel.zaokin.base.exception.BusinessException: 无效的Token
11:06:19.648 [http-nio-7007-exec-3] ERROR c.s.z.base.exception.HandleException - 接口/user/register调用异常-->com.southintel.zaokin.base.exception.BusinessException: 无效的Token
11:07:09.686 [http-nio-7007-exec-4] ERROR c.s.z.base.exception.HandleException - 接口/user/register调用异常-->com.southintel.zaokin.base.exception.BusinessException: 无效的Token
11:32:24.014 [http-nio-7007-exec-1] ERROR c.s.z.base.exception.HandleException - 接口/user/register调用异常-->java.lang.RuntimeException: Connect to 127.0.0.1:12708 [/127.0.0.1] failed: Connection refused: connect
11:35:30.128 [http-nio-7007-exec-1] ERROR c.s.z.base.exception.HandleException - 接口/user/register调用异常-->java.lang.RuntimeException: Connect to 127.0.0.1:12708 [/127.0.0.1] failed: Connection refused: connect
11:36:22.668 [http-nio-7007-exec-2] ERROR c.s.z.base.exception.HandleException - 接口/user/register调用异常-->java.lang.RuntimeException: Connect to 127.0.0.1:12708 [/127.0.0.1] failed: Connection refused: connect
11:37:41.964 [http-nio-7007-exec-1] ERROR c.s.zaokin.base.util.HttpUtils - 转发获取数据异常,context:{"timestamp":"2019-05-16T03:37:41.881+0000","status":404,"error":"Not Found","message":"No message available","path":"/user/register"}
11:37:41.971 [http-nio-7007-exec-1] ERROR c.s.z.base.exception.HandleException - 接口/user/register调用异常-->java.lang.RuntimeException: String index out of range: -2
11:39:49.843 [http-nio-7007-exec-1] ERROR c.s.zaokin.base.util.HttpUtils - 转发获取数据异常,context:{"timestamp":"2019-05-16T03:39:49.763+0000","status":404,"error":"Not Found","message":"No message available","path":"/user/register"}
11:40:15.424 [http-nio-7007-exec-1] ERROR c.s.z.base.exception.HandleException - 接口/user/register调用异常-->java.lang.RuntimeException: String index out of range: -2
11:41:08.095 [http-nio-7007-exec-2] ERROR c.s.zaokin.base.util.HttpUtils - 转发获取数据异常,context:{"timestamp":"2019-05-16T03:40:35.070+0000","status":404,"error":"Not Found","message":"No message available","path":"/user/register"}
11:41:53.169 [http-nio-7007-exec-2] ERROR c.s.z.base.exception.HandleException - 接口/user/register调用异常-->java.lang.RuntimeException: String index out of range: -2
11:43:48.496 [http-nio-7007-exec-2] ERROR c.s.zaokin.base.util.HttpUtils - 转发获取数据异常,context:{"timestamp":"2019-05-16T03:43:38.358+0000","status":404,"error":"Not Found","message":"No message available","path":"/user/register"}
11:43:51.611 [http-nio-7007-exec-2] ERROR c.s.z.base.exception.HandleException - 接口/user/register调用异常-->com.southintel.zaokin.base.exception.BusinessException: 转发获取数据异常
11:48:41.403 [http-nio-7007-exec-1] ERROR c.s.z.base.exception.HandleException - 接口/uu调用异常-->com.southintel.zaokin.base.exception.BusinessException: 无效的Token
14:06:01.132 [http-nio-7007-exec-1] ERROR c.s.z.base.exception.HandleException - 接口/user/register调用异常-->java.lang.RuntimeException: Read timed out
14:09:56.017 [http-nio-7007-exec-5] ERROR c.s.z.base.exception.HandleException - 接口/user/register调用异常-->java.lang.RuntimeException: Read timed out
14:12:34.409 [http-nio-7007-exec-7] ERROR c.s.z.base.exception.HandleException - 接口/user/register调用异常-->java.lang.RuntimeException: Read timed out
14:13:57.026 [http-nio-7007-exec-8] ERROR c.s.z.base.exception.HandleException - 接口/user/register调用异常-->java.lang.RuntimeException: Read timed out
14:30:29.081 [http-nio-7007-exec-10] ERROR c.s.z.base.exception.HandleException - 接口/user/register调用异常-->java.lang.RuntimeException: Read timed out
14:31:16.607 [http-nio-7007-exec-1] ERROR c.s.z.base.exception.HandleException - 接口/user/register调用异常-->java.lang.RuntimeException: Read timed out
14:36:19.544 [http-nio-7007-exec-3] ERROR c.s.z.base.exception.HandleException - 接口/user/register调用异常-->java.lang.RuntimeException: Read timed out
14:37:03.983 [http-nio-7007-exec-4] ERROR c.s.z.base.exception.HandleException - 接口/user/register调用异常-->java.lang.RuntimeException: Read timed out
14:39:17.441 [http-nio-7007-exec-6] ERROR c.s.z.base.exception.HandleException - 接口/user/register调用异常-->java.lang.RuntimeException: Read timed out
14:40:57.914 [http-nio-7007-exec-8] ERROR c.s.z.base.exception.HandleException - 接口/user/register调用异常-->java.lang.RuntimeException: Read timed out
14:54:48.263 [http-nio-7007-exec-3] ERROR c.s.z.base.exception.HandleException - 接口/user/register调用异常-->java.lang.RuntimeException: Read timed out
14:58:42.069 [http-nio-7007-exec-8] ERROR c.s.z.base.exception.HandleException - 接口/user/register调用异常-->java.lang.RuntimeException: Read timed out
15:07:43.136 [http-nio-7007-exec-6] ERROR c.s.z.base.exception.HandleException - 接口/user/SMSCode/调用异常-->java.lang.RuntimeException: Read timed out
15:09:26.636 [http-nio-7007-exec-9] ERROR c.s.z.base.exception.HandleException - 接口/user/SMSCode/调用异常-->java.lang.RuntimeException: Read timed out
15:36:04.425 [http-nio-7007-exec-9] ERROR c.s.z.base.exception.HandleException - 接口/user/isregister调用异常-->java.lang.RuntimeException: Read timed out
15:41:30.014 [http-nio-7007-exec-8] ERROR c.s.z.base.exception.HandleException - 接口/user/get_person_data调用异常-->com.southintel.zaokin.base.exception.BusinessException: 无效的Token
15:45:33.166 [http-nio-7007-exec-4] ERROR c.s.z.base.exception.HandleException - 接口/user/get_person_data调用异常-->com.southintel.zaokin.base.exception.BusinessException: 无效的Token
15:57:51.166 [http-nio-7007-exec-10] ERROR c.s.z.base.exception.HandleException - 接口/user/put_person_data调用异常-->com.southintel.zaokin.base.exception.BusinessException: 无效的Token
15:58:38.970 [http-nio-7007-exec-1] ERROR c.s.z.base.exception.HandleException - 接口/user/put_person_data调用异常-->java.lang.RuntimeException: Read timed out
16:03:18.232 [http-nio-7007-exec-6] ERROR c.s.z.base.exception.HandleException - 接口/user/put_person_data调用异常-->java.lang.RuntimeException: Read timed out
16:05:49.581 [http-nio-7007-exec-7] ERROR c.s.z.base.exception.HandleException - 接口/user/put_person_data调用异常-->java.lang.RuntimeException: Read timed out
16:07:26.742 [http-nio-7007-exec-9] ERROR c.s.z.base.exception.HandleException - 接口/user/put_person_data调用异常-->java.lang.RuntimeException: Read timed out
16:19:40.424 [http-nio-7007-exec-7] ERROR c.s.z.base.exception.HandleException - 接口/user/put_person_data调用异常-->java.lang.RuntimeException: Read timed out
17:05:12.833 [http-nio-7007-exec-10] ERROR c.s.z.base.exception.HandleException - 接口/user/register调用异常-->java.lang.RuntimeException: Read timed out
17:11:54.467 [http-nio-7007-exec-8] ERROR c.s.z.base.exception.HandleException - 接口/user/put_person_data调用异常-->java.lang.RuntimeException: Read timed out
17:15:45.887 [http-nio-7007-exec-2] ERROR c.s.z.base.exception.HandleException - 接口/user/put_person_data调用异常-->java.lang.RuntimeException: Read timed out
17:17:57.669 [http-nio-7007-exec-4] ERROR c.s.z.base.exception.HandleException - 接口/user/put_person_data调用异常-->java.lang.RuntimeException: Read timed out
17:54:08.227 [http-nio-7007-exec-2] ERROR c.s.zaokin.base.util.HttpUtils - 转发获取数据异常,context:{"retcode":0,"errmsg":"接口调用失败!","data":{"details":"org.springframework.http.converter.HttpMessageNotReadableException: JSON parse error: Invalid numeric value: Leading zeroes not allowed; nested exception is com.fasterxml.jackson.core.JsonParseException: Invalid numeric value: Leading zeroes not allowed\n at [Source: (PushbackInputStream); line: 1, column: 323]","path":"/user/register","date":"2019-05-16T09:54:08.223+0000"}}
17:54:08.228 [http-nio-7007-exec-2] ERROR c.s.z.base.exception.HandleException - 接口/user/register调用异常-->com.southintel.zaokin.base.exception.BusinessException: 接口调用失败!
17:54:22.902 [http-nio-7007-exec-3] ERROR c.s.zaokin.base.util.HttpUtils - 转发获取数据异常,context:{"retcode":0,"errmsg":"接口调用失败!","data":{"details":"org.springframework.http.converter.HttpMessageNotReadableException: JSON parse error: Invalid numeric value: Leading zeroes not allowed; nested exception is com.fasterxml.jackson.core.JsonParseException: Invalid numeric value: Leading zeroes not allowed\n at [Source: (PushbackInputStream); line: 1, column: 323]","path":"/user/register","date":"2019-05-16T09:54:22.901+0000"}}
17:54:22.903 [http-nio-7007-exec-3] ERROR c.s.z.base.exception.HandleException - 接口/user/register调用异常-->com.southintel.zaokin.base.exception.BusinessException: 接口调用失败!
17:54:42.957 [http-nio-7007-exec-4] ERROR c.s.zaokin.base.util.HttpUtils - 转发获取数据异常,context:{"retcode":0,"errmsg":"接口调用失败!","data":{"details":"org.springframework.http.converter.HttpMessageNotReadableException: JSON parse error: Invalid numeric value: Leading zeroes not allowed; nested exception is com.fasterxml.jackson.core.JsonParseException: Invalid numeric value: Leading zeroes not allowed\n at [Source: (PushbackInputStream); line: 1, column: 323]","path":"/user/register","date":"2019-05-16T09:54:42.955+0000"}}
17:54:42.957 [http-nio-7007-exec-4] ERROR c.s.z.base.exception.HandleException - 接口/user/register调用异常-->com.southintel.zaokin.base.exception.BusinessException: 接口调用失败!
17:56:08.372 [http-nio-7007-exec-5] ERROR c.s.zaokin.base.util.HttpUtils - 转发获取数据异常,context:{"retcode":0,"errmsg":"接口调用失败!","data":{"details":"org.springframework.http.converter.HttpMessageNotReadableException: JSON parse error: Invalid numeric value: Leading zeroes not allowed; nested exception is com.fasterxml.jackson.core.JsonParseException: Invalid numeric value: Leading zeroes not allowed\n at [Source: (PushbackInputStream); line: 1, column: 323]","path":"/user/register","date":"2019-05-16T09:56:08.326+0000"}}
17:56:08.373 [http-nio-7007-exec-5] ERROR c.s.z.base.exception.HandleException - 接口/user/register调用异常-->com.southintel.zaokin.base.exception.BusinessException: 接口调用失败!
17:56:42.811 [http-nio-7007-exec-7] ERROR c.s.zaokin.base.util.HttpUtils - 转发获取数据异常,context:{"retcode":0,"errmsg":"接口调用失败!","data":{"details":"org.springframework.http.converter.HttpMessageNotReadableException: JSON parse error: Invalid numeric value: Leading zeroes not allowed; nested exception is com.fasterxml.jackson.core.JsonParseException: Invalid numeric value: Leading zeroes not allowed\n at [Source: (PushbackInputStream); line: 1, column: 323]","path":"/user/register","date":"2019-05-16T09:56:42.809+0000"}}
17:56:42.812 [http-nio-7007-exec-7] ERROR c.s.z.base.exception.HandleException - 接口/user/register调用异常-->com.southintel.zaokin.base.exception.BusinessException: 接口调用失败!
17:56:59.362 [http-nio-7007-exec-8] ERROR c.s.zaokin.base.util.HttpUtils - 转发获取数据异常,context:{"retcode":0,"errmsg":"接口调用失败!","data":{"details":"org.springframework.http.converter.HttpMessageNotReadableException: JSON parse error: Invalid numeric value: Leading zeroes not allowed; nested exception is com.fasterxml.jackson.core.JsonParseException: Invalid numeric value: Leading zeroes not allowed\n at [Source: (PushbackInputStream); line: 1, column: 323]","path":"/user/register","date":"2019-05-16T09:56:59.360+0000"}}
17:56:59.374 [http-nio-7007-exec-8] ERROR c.s.z.base.exception.HandleException - 接口/user/register调用异常-->com.southintel.zaokin.base.exception.BusinessException: 接口调用失败!
17:57:55.833 [http-nio-7007-exec-1] ERROR c.s.zaokin.base.util.HttpUtils - 转发获取数据异常,context:{"retcode":0,"errmsg":"接口调用失败!","data":{"details":"org.springframework.http.converter.HttpMessageNotReadableException: JSON parse error: Invalid numeric value: Leading zeroes not allowed; nested exception is com.fasterxml.jackson.core.JsonParseException: Invalid numeric value: Leading zeroes not allowed\n at [Source: (PushbackInputStream); line: 1, column: 323]","path":"/user/register","date":"2019-05-16T09:57:55.755+0000"}}
17:58:14.540 [http-nio-7007-exec-1] ERROR c.s.z.base.exception.HandleException - 接口/user/register调用异常-->com.southintel.zaokin.base.exception.BusinessException: 接口调用失败!
17:59:01.311 [http-nio-7007-exec-1] ERROR c.s.zaokin.base.util.HttpUtils - 转发获取数据异常,context:{"retcode":0,"errmsg":"接口调用失败!","data":{"details":"org.springframework.http.converter.HttpMessageNotReadableException: JSON parse error: Invalid numeric value: Leading zeroes not allowed; nested exception is com.fasterxml.jackson.core.JsonParseException: Invalid numeric value: Leading zeroes not allowed\n at [Source: (PushbackInputStream); line: 1, column: 323]","path":"/user/register","date":"2019-05-16T09:59:01.237+0000"}}
17:59:01.318 [http-nio-7007-exec-1] ERROR c.s.z.base.exception.HandleException - 接口/user/register调用异常-->com.southintel.zaokin.base.exception.BusinessException: 接口调用失败!
17:59:30.199 [http-nio-7007-exec-3] ERROR c.s.z.base.exception.HandleException - 接口/uu调用异常-->com.southintel.zaokin.base.exception.BusinessException: 无效的Token
18:00:01.201 [http-nio-7007-exec-4] ERROR c.s.zaokin.base.util.HttpUtils - 转发获取数据异常,context:{"retcode":0,"errmsg":"接口调用失败!","data":{"details":"org.springframework.http.converter.HttpMessageNotReadableException: JSON parse error: Invalid numeric value: Leading zeroes not allowed; nested exception is com.fasterxml.jackson.core.JsonParseException: Invalid numeric value: Leading zeroes not allowed\n at [Source: (PushbackInputStream); line: 1, column: 323]","path":"/user/register","date":"2019-05-16T10:00:01.200+0000"}}
18:00:01.202 [http-nio-7007-exec-4] ERROR c.s.z.base.exception.HandleException - 接口/user/register调用异常-->com.southintel.zaokin.base.exception.BusinessException: 接口调用失败!
18:00:41.066 [http-nio-7007-exec-6] ERROR c.s.zaokin.base.util.HttpUtils - 转发获取数据异常,context:{"retcode":0,"errmsg":"接口调用失败!","data":{"details":"org.springframework.http.converter.HttpMessageNotReadableException: JSON parse error: Invalid numeric value: Leading zeroes not allowed; nested exception is com.fasterxml.jackson.core.JsonParseException: Invalid numeric value: Leading zeroes not allowed\n at [Source: (PushbackInputStream); line: 1, column: 323]","path":"/user/register","date":"2019-05-16T10:00:41.064+0000"}}
18:00:41.066 [http-nio-7007-exec-6] ERROR c.s.z.base.exception.HandleException - 接口/user/register调用异常-->com.southintel.zaokin.base.exception.BusinessException: 接口调用失败!
18:03:08.035 [http-nio-7007-exec-8] ERROR c.s.zaokin.base.util.HttpUtils - 转发获取数据异常,context:{"retcode":0,"errmsg":"接口调用失败!","data":{"details":"org.springframework.http.converter.HttpMessageNotReadableException: JSON parse error: Invalid numeric value: Leading zeroes not allowed; nested exception is com.fasterxml.jackson.core.JsonParseException: Invalid numeric value: Leading zeroes not allowed\n at [Source: (PushbackInputStream); line: 1, column: 323]","path":"/user/register","date":"2019-05-16T10:03:08.034+0000"}}
18:03:08.036 [http-nio-7007-exec-8] ERROR c.s.z.base.exception.HandleException - 接口/user/register调用异常-->com.southintel.zaokin.base.exception.BusinessException: 接口调用失败!
18:04:34.740 [http-nio-7007-exec-9] ERROR c.s.z.base.exception.HandleException - 接口/user/put_person_data调用异常-->java.lang.RuntimeException: Read timed out
18:08:16.395 [http-nio-7007-exec-4] ERROR c.s.z.base.exception.HandleException - 接口/user/put_person_data调用异常-->java.lang.RuntimeException: Read timed out
18:21:02.303 [http-nio-7007-exec-3] ERROR c.s.z.base.exception.HandleException - 接口/user/put_person_data调用异常-->java.lang.RuntimeException: Read timed out
18:23:39.676 [http-nio-7007-exec-5] ERROR c.s.z.base.exception.HandleException - 接口/user/put_person_data调用异常-->java.lang.RuntimeException: Read timed out
18:40:21.019 [http-nio-7007-exec-1] ERROR c.s.z.base.exception.HandleException - 接口/user/login调用异常-->java.lang.RuntimeException: Connect to 127.0.0.1:12801 [/127.0.0.1] failed: Connection refused: connect
